c:\users\retsu\documents\２年\dx21\202506016_dx21\base\x64\debug\vc143.pdb
c:\users\retsu\documents\２年\dx21\202506016_dx21\base\x64\debug\vc143.idb
c:\users\retsu\documents\２年\dx21\202506016_dx21\base\x64\debug\shader.obj
c:\users\retsu\documents\２年\dx21\202506016_dx21\base\x64\debug\polygon.obj
c:\users\retsu\documents\２年\dx21\202506016_dx21\base\x64\debug\main.obj
c:\users\retsu\documents\２年\dx21\202506016_dx21\base\x64\debug\dirext3d.obj
c:\users\retsu\documents\２年\dx21\202506016_dx21\base\x64\debug\debug_ostream.obj
c:\users\retsu\documents\２年\dx21\202506016_dx21\base\x64\debug\field.obj
c:\users\retsu\documents\２年\dx21\202506017_dx21\base\x64\debug\vc143.pdb
c:\users\retsu\documents\２年\dx21\202506017_dx21\base\x64\debug\vc143.idb
c:\users\retsu\documents\２年\dx21\202506017_dx21\base\x64\debug\shader.obj
c:\users\retsu\documents\２年\dx21\202506017_dx21\base\x64\debug\field.obj
c:\users\retsu\documents\２年\dx21\202506017_dx21\base\x64\debug\dirext3d.obj
c:\users\retsu\documents\２年\dx21\202506017_dx21\base\x64\debug\debug_ostream.obj
c:\users\retsu\documents\２年\dx21\20250602_dx21\shader_pixel_2d.cso
c:\users\retsu\documents\２年\dx21\20250602_dx21\shader_vertex_2d.cso
c:\users\retsu\documents\２年\dx21\20250603_dx21\shader_pixel_2d.cso
c:\users\retsu\documents\２年\dx21\20250603_dx21\shader_vertex_2d.cso
c:\users\retsu\documents\２年\dx21\20250606_dx21\shader_pixel_2d.cso
c:\users\retsu\documents\２年\dx21\20250606_dx21\shader_vertex_2d.cso
c:\users\retsu\documents\２年\dx21\20250609_dx21\shader_pixel_2d.cso
c:\users\retsu\documents\２年\dx21\20250609_dx21\shader_vertex_2d.cso
c:\users\retsu\documents\２年\dx21\202506010_dx21\shader_pixel_2d.cso
c:\users\retsu\documents\２年\dx21\202506010_dx21\shader_vertex_2d.cso
c:\users\retsu\documents\２年\dx21\202506013_dx21\shader_pixel_2d.cso
c:\users\retsu\documents\２年\dx21\202506013_dx21\shader_vertex_2d.cso
c:\users\retsu\documents\２年\dx21\202506016_dx21\shader_pixel_2d.cso
c:\users\retsu\documents\２年\dx21\202506016_dx21\shader_vertex_2d.cso
c:\users\retsu\documents\２年\dx21\202506017_dx21\shader_pixel_2d.cso
c:\users\retsu\documents\２年\dx21\202506017_dx21\shader_vertex_2d.cso
c:\users\retsu\documents\２年\dx21\20250602_dx21\x64\debug\base.exe
c:\users\retsu\documents\２年\dx21\20250602_dx21\x64\debug\base.pdb
c:\users\retsu\documents\２年\dx21\20250603_dx21\x64\debug\base.exe
c:\users\retsu\documents\２年\dx21\20250603_dx21\x64\debug\base.pdb
c:\users\retsu\documents\２年\dx21\20250606_dx21\x64\debug\base.exe
c:\users\retsu\documents\２年\dx21\20250606_dx21\x64\debug\base.pdb
c:\users\retsu\documents\２年\dx21\20250609_dx21\x64\debug\base.exe
c:\users\retsu\documents\２年\dx21\20250609_dx21\x64\debug\base.pdb
c:\users\retsu\documents\２年\dx21\202506010_dx21\x64\debug\base.exe
c:\users\retsu\documents\２年\dx21\202506010_dx21\x64\debug\base.pdb
c:\users\retsu\documents\２年\dx21\202506013_dx21\x64\debug\base.exe
c:\users\retsu\documents\２年\dx21\202506013_dx21\x64\debug\base.pdb
c:\users\retsu\documents\２年\dx21\202506016_dx21\x64\debug\base.exe
c:\users\retsu\documents\２年\dx21\202506016_dx21\x64\debug\base.pdb
c:\users\retsu\documents\２年\dx21\202506016_dx21\base\x64\debug\base.ilk
c:\users\retsu\documents\２年\dx21\202506017_dx21\base\x64\debug\main.obj
c:\users\retsu\documents\２年\dx21\202506017_dx21\base\x64\debug\polygon.obj
c:\users\retsu\documents\２年\dx21\202506017_dx21\base\x64\debug\base.ilk
c:\users\retsu\documents\２年\dx21\202506017_dx21\x64\debug\base.pdb
c:\users\retsu\documents\２年\dx21\202506017_dx21\x64\debug\base.exe
c:\users\retsu\documents\２年\dx21\202506017_dx21\base\x64\debug\base.tlog\cl.command.1.tlog
c:\users\retsu\documents\２年\dx21\202506017_dx21\base\x64\debug\base.tlog\cl.items.tlog
c:\users\retsu\documents\２年\dx21\202506017_dx21\base\x64\debug\base.tlog\cl.read.1.tlog
c:\users\retsu\documents\２年\dx21\202506017_dx21\base\x64\debug\base.tlog\cl.write.1.tlog
c:\users\retsu\documents\２年\dx21\202506017_dx21\base\x64\debug\base.tlog\fxc.command.1.tlog
c:\users\retsu\documents\２年\dx21\202506017_dx21\base\x64\debug\base.tlog\fxc.read.1.tlog
c:\users\retsu\documents\２年\dx21\202506017_dx21\base\x64\debug\base.tlog\fxc.write.1.tlog
c:\users\retsu\documents\２年\dx21\202506017_dx21\base\x64\debug\base.tlog\link.command.1.tlog
c:\users\retsu\documents\２年\dx21\202506017_dx21\base\x64\debug\base.tlog\link.read.1.tlog
c:\users\retsu\documents\２年\dx21\202506017_dx21\base\x64\debug\base.tlog\link.secondary.1.tlog
c:\users\retsu\documents\２年\dx21\202506017_dx21\base\x64\debug\base.tlog\link.write.1.tlog
